<?xml version="1.0" encoding="UTF-8"?>
<testsuite name="PigLatinTest" tests="22" skipped="0" failures="0" errors="0" timestamp="2020-12-19T15:24:24" hostname="DESKTOP-H1K894H" time="0.058">
  <properties/>
  <testcase name="test[0: translate(apple)=appleay]" classname="PigLatinTest" time="0.046"/>
  <testcase name="test[1: translate(ear)=earay]" classname="PigLatinTest" time="0.001"/>
  <testcase name="test[2: translate(igloo)=iglooay]" classname="PigLatinTest" time="0.0"/>
  <testcase name="test[3: translate(object)=objectay]" classname="PigLatinTest" time="0.0"/>
  <testcase name="test[4: translate(under)=underay]" classname="PigLatinTest" time="0.0"/>
  <testcase name="test[5: translate(equal)=equalay]" classname="PigLatinTest" time="0.0"/>
  <testcase name="test[6: translate(pig)=igpay]" classname="PigLatinTest" time="0.0"/>
  <testcase name="test[7: translate(koala)=oalakay]" classname="PigLatinTest" time="0.0"/>
  <testcase name="test[8: translate(xenon)=enonxay]" classname="PigLatinTest" time="0.0"/>
  <testcase name="test[9: translate(qat)=atqay]" classname="PigLatinTest" time="0.0"/>
  <testcase name="test[10: translate(chair)=airchay]" classname="PigLatinTest" time="0.0"/>
  <testcase name="test[11: translate(queen)=eenquay]" classname="PigLatinTest" time="0.0"/>
  <testcase name="test[12: translate(square)=aresquay]" classname="PigLatinTest" time="0.0"/>
  <testcase name="test[13: translate(therapy)=erapythay]" classname="PigLatinTest" time="0.0"/>
  <testcase name="test[14: translate(thrush)=ushthray]" classname="PigLatinTest" time="0.0"/>
  <testcase name="test[15: translate(school)=oolschay]" classname="PigLatinTest" time="0.001"/>
  <testcase name="test[16: translate(yttria)=yttriaay]" classname="PigLatinTest" time="0.0"/>
  <testcase name="test[17: translate(xray)=xrayay]" classname="PigLatinTest" time="0.001"/>
  <testcase name="test[18: translate(yellow)=ellowyay]" classname="PigLatinTest" time="0.0"/>
  <testcase name="test[19: translate(rhythm)=ythmrhay]" classname="PigLatinTest" time="0.001"/>
  <testcase name="test[20: translate(my)=ymay]" classname="PigLatinTest" time="0.0"/>
  <testcase name="test[21: translate(quick fast run)=ickquay astfay unray]" classname="PigLatinTest" time="0.001"/>
  <system-out><![CDATA[pivot point for apple is 0
pivot point for ear is 0
pivot point for igloo is 0
pivot point for object is 0
pivot point for under is 0
pivot point for equal is 0
pivot point for pig is 1
pivot point for koala is 1
pivot point for xenon is 1
pivot point for qat is 1
pivot point for chair is 2
pivot point for queen is 2
pivot point for square is 3
pivot point for therapy is 2
pivot point for thrush is 3
pivot point for school is 3
pivot point for yttria is 0
pivot point for xray is 0
pivot point for yellow is 1
pivot point for rhythm is 2
pivot point for my is 1
pivot point for quick is 2
pivot point for fast is 1
pivot point for run is 1
]]></system-out>
  <system-err><![CDATA[]]></system-err>
</testsuite>
